<?xml version="1.0" encoding="UTF-8"?>
<!-- Generated by org.testng.reporters.JUnitReportReporter -->
<testsuite skipped="0" hostname="gourav.singh" name="com.ce.apitesting.GithubApiTest" tests="3" failures="0" timestamp="08 Sep 2018 16:13:16 GMT" time="6.053" errors="0">
  <testcase name="listAllLabelsOfRepoAssertions" time="1.568" classname="com.ce.apitesting.GithubApiTest"/>
  <testcase name="listAllLabelsOfRepo" time="2.940" classname="com.ce.apitesting.GithubApiTest"/>
  <testcase name="listBranches" time="1.545" classname="com.ce.apitesting.GithubApiTest"/>
</testsuite> <!-- com.ce.apitesting.GithubApiTest -->
