<?xml version="1.0" encoding="UTF-8"?>
<!-- Generated by org.testng.reporters.JUnitReportReporter -->
<testsuite skipped="0" hostname="gourav.singh" name="com.ce.apitesting.SimpleGetRequest" tests="1" failures="0" timestamp="08 Sep 2018 12:07:16 GMT" time="1.673" errors="0">
  <testcase name="getSingleCommitComment" time="1.673" classname="com.ce.apitesting.SimpleGetRequest"/>
</testsuite> <!-- com.ce.apitesting.SimpleGetRequest -->
