<?xml version="1.0" encoding="UTF-8"?>
<!-- Generated by org.testng.reporters.JUnitReportReporter -->
<testsuite skipped="0" hostname="gourav.singh" name="com.ce.apitesting.BaseClass" tests="1" failures="0" timestamp="08 Sep 2018 11:19:07 GMT" time="3.099" errors="0">
  <testcase name="login" time="3.099" classname="com.ce.apitesting.BaseClass"/>
</testsuite> <!-- com.ce.apitesting.BaseClass -->
