<?xml version="1.0" encoding="UTF-8"?>
<!-- Generated by org.testng.reporters.JUnitReportReporter -->
<testsuite skipped="0" hostname="gourav.singh" name="com.ce.apitesting.SampleGetRequestTest" tests="1" failures="0" timestamp="10 Sep 2018 09:04:25 GMT" time="2.110" errors="0">
  <testcase name="sampleGetRequestWithExtract" time="2.110" classname="com.ce.apitesting.SampleGetRequestTest"/>
</testsuite> <!-- com.ce.apitesting.SampleGetRequestTest -->
